google-play-services_lib/build/outputs/logs/manifest-merger-debug-report.txt
-- Merging decision tree log ---
manifest
ADDED from mobile-android\google-play-services_lib\AndroidManifest.xml:2:1-7:12
INJECTED from mobile-android\google-play-services_lib\AndroidManifest.xml:2:1-7:12
INJECTED from mobile-android\google-play-services_lib\AndroidManifest.xml:2:1-7:12
INJECTED from mobile-android\google-play-services_lib\AndroidManifest.xml:2:1-7:12
INJECTED from mobile-android\google-play-services_lib\AndroidManifest.xml:2:1-7:12
INJECTED from mobile-android\google-play-services_lib\AndroidManifest.xml:2:1-7:12
INJECTED from mobile-android\google-play-services_lib\AndroidManifest.xml:2:1-7:12
	package
		ADDED from mobile-android\google-play-services_lib\AndroidManifest.xml:3:5-37
		INJECTED from mobile-android\google-play-services_lib\AndroidManifest.xml
		INJECTED from mobile-android\google-play-services_lib\AndroidManifest.xml
	android:versionName
		ADDED from mobile-android\google-play-services_lib\AndroidManifest.xml:5:5-47
		INJECTED from mobile-android\google-play-services_lib\AndroidManifest.xml
		INJECTED from mobile-android\google-play-services_lib\AndroidManifest.xml
	xmlns:android
		ADDED from mobile-android\google-play-services_lib\AndroidManifest.xml:2:11-69
	android:versionCode
		ADDED from mobile-android\google-play-services_lib\AndroidManifest.xml:4:5-34
		INJECTED from mobile-android\google-play-services_lib\AndroidManifest.xml
		INJECTED from mobile-android\google-play-services_lib\AndroidManifest.xml
uses-sdk
INJECTED from mobile-android\google-play-services_lib\AndroidManifest.xml reason: use-sdk injection requested
INJECTED from mobile-android\google-play-services_lib\AndroidManifest.xml
INJECTED from mobile-android\google-play-services_lib\AndroidManifest.xml
	android:minSdkVersion
		INJECTED from mobile-android\google-play-services_lib\AndroidManifest.xml
		ADDED from mobile-android\google-play-services_lib\AndroidManifest.xml
		INJECTED from mobile-android\google-play-services_lib\AndroidManifest.xml